<?xml version="1.0" encoding="UTF-8"?>
<!-- Generated by org.testng.reporters.JUnitReportReporter -->
<testsuite hostname="DESKTOP-DI2M575" failures="0" tests="1" name="testCases.SearchByName$TC_VDOGameAPI" time="2.304" errors="0" timestamp="2022-11-21T14:45:24 EST" skipped="0">
  <testcase classname="testCases.SearchByName$TC_VDOGameAPI" name="test_getDrinkStatusCode" time="2.304"/>
  <system-out/>
</testsuite> <!-- testCases.SearchByName$TC_VDOGameAPI -->
